<?xml version="1.0" encoding="UTF-8"?>
<testsuite xmlns:xsi="http://www.w3.org/2001/XMLSchema-instance" xsi:noNamespaceSchemaLocation="https://maven.apache.org/surefire/maven-surefire-plugin/xsd/surefire-test-report-3.0.xsd" version="3.0" name="com.vialsa.almacen.ContextLoadsTest" time="2.582" tests="1" errors="0" skipped="0" failures="0">
  <properties>
[...]
</properties>
  <testcase name="contextLoads" classname="com.vialsa.almacen.ContextLoadsTest" time="0.464">
    <system-out><![CDATA[00:57:34.444 [main] INFO org.springframework.test.context.support.AnnotationConfigContextLoaderUtils -- Could not detect default configuration classes for test class [com.vialsa.almacen.ContextLoadsTest]: ContextLoadsTest does not declare any static, non-private, non-final, nested classes annotated with @Configuration.
00:57:34.514 [main] INFO org.springframework.boot.test.context.SpringBootTestContextBootstrapper -- Found @SpringBootConfiguration com.vialsa.almacen.VialsaAlmacenApplication for test class com.vialsa.almacen.ContextLoadsTest

  .   ____          _            __ _ _
 /\\ / ___'_ __ _ _(_)_ __  __ _ \ \ \ \
( ( )\___ | '_ | '_| | '_ \/ _` | \ \ \ \
 \\/  ___)| |_)| | | | | || (_| |  ) ) ) )
  '  |____| .__|_| |_|_| |_\__, | / / / /
 =========|_|==============|___/=/_/_/_/
 :: Spring Boot ::                (v3.2.6)

2025-10-26T00:57:34.799-05:00  INFO 13476 --- [vialsa] [           main] com.vialsa.almacen.ContextLoadsTest      : Starting ContextLoadsTest using Java 21.0.8 with PID 13476 (started by Brayan in C:\Users\Brayan\Downloads\VialsaAlmacen)
2025-10-26T00:57:34.800-05:00  INFO 13476 --- [vialsa] [           main] com.vialsa.almacen.ContextLoadsTest      : No active profile set, falling back to 1 default profile: "default"
2025-10-26T00:57:35.957-05:00  INFO 13476 --- [vialsa] [           main] o.s.s.web.DefaultSecurityFilterChain     : Will secure any request with [org.springframework.security.web.session.DisableEncodeUrlFilter@766a52f5, org.springframework.security.web.context.request.async.WebAsyncManagerIntegrationFilter@4342c13, org.springframework.security.web.context.SecurityContextHolderFilter@4391a2d8, org.springframework.security.web.header.HeaderWriterFilter@1983b48a, org.springframework.web.filter.CorsFilter@2ba1209b, org.springframework.security.web.csrf.CsrfFilter@1e5eb20a, org.springframework.security.web.authentication.logout.LogoutFilter@72443081, org.springframework.security.web.authentication.UsernamePasswordAuthenticationFilter@740b6628, org.springframework.security.web.savedrequest.RequestCacheAwareFilter@71e7adbb, org.springframework.security.web.servletapi.SecurityContextHolderAwareRequestFilter@32091c14, org.springframework.security.web.authentication.AnonymousAuthenticationFilter@7c241a9f, org.springframework.security.web.access.ExceptionTranslationFilter@40d52be7, org.springframework.security.web.access.intercept.AuthorizationFilter@298b64f7]
2025-10-26T00:57:36.276-05:00  INFO 13476 --- [vialsa] [           main] com.vialsa.almacen.ContextLoadsTest      : Started ContextLoadsTest in 1.669 seconds (process running for 2.315)
2025-10-26T00:57:36.288-05:00  INFO 13476 --- [vialsa] [           main] com.zaxxer.hikari.HikariDataSource       : HikariPool-1 - Starting...
2025-10-26T00:57:36.409-05:00  INFO 13476 --- [vialsa] [           main] com.zaxxer.hikari.pool.HikariPool        : HikariPool-1 - Added connection com.mysql.cj.jdbc.ConnectionImpl@424f02b8
2025-10-26T00:57:36.410-05:00  INFO 13476 --- [vialsa] [           main] com.zaxxer.hikari.HikariDataSource       : HikariPool-1 - Start completed.
]]></system-out>
    <system-err><![CDATA[WARNING: A Java agent has been loaded dynamically (C:\Users\Brayan\.m2\repository\net\bytebuddy\byte-buddy-agent\1.14.16\byte-buddy-agent-1.14.16.jar)
WARNING: If a serviceability tool is in use, please run with -XX:+EnableDynamicAgentLoading to hide this warning
WARNING: If a serviceability tool is not in use, please run with -Djdk.instrument.traceUsage for more information
WARNING: Dynamic loading of agents will be disallowed by default in a future release
]]></system-err>
  </testcase>
</testsuite>